<?xml version="1.0" encoding="UTF-8"?>
<coverage generated="1771251890020" clover="3.2.0">
  <project timestamp="1771251890020" name="All files">
    <metrics statements="20" coveredstatements="20" conditionals="11" coveredconditionals="11" methods="5" coveredmethods="5" elements="36" coveredelements="36" complexity="0" loc="20" ncloc="20" packages="1" files="2" classes="2"/>
    <file name="fineCalculator.js" path="C:\Users\Nadzieja\ATBP\lab2\atbp_1\src\fineCalculator.js">
      <metrics statements="14" coveredstatements="14" conditionals="9" coveredconditionals="9" methods="1" coveredmethods="1"/>
      <line num="1" count="1" type="stmt"/>
      <line num="4" count="11" type="stmt"/>
      <line num="5" count="11" type="stmt"/>
      <line num="7" count="10" type="cond" truecount="2" falsecount="0"/>
      <line num="8" count="1" type="stmt"/>
      <line num="11" count="9" type="cond" truecount="2" falsecount="0"/>
      <line num="12" count="1" type="stmt"/>
      <line num="15" count="8" type="cond" truecount="2" falsecount="0"/>
      <line num="16" count="1" type="stmt"/>
      <line num="19" count="7" type="cond" truecount="2" falsecount="0"/>
      <line num="20" count="2" type="stmt"/>
      <line num="23" count="5" type="stmt"/>
      <line num="26" count="5" type="stmt"/>
      <line num="30" count="1" type="stmt"/>
    </file>
    <file name="libraryDatabase.js" path="C:\Users\Nadzieja\ATBP\lab2\atbp_1\src\libraryDatabase.js">
      <metrics statements="6" coveredstatements="6" conditionals="2" coveredconditionals="2" methods="4" coveredmethods="4"/>
      <line num="3" count="7" type="stmt"/>
      <line num="12" count="8" type="stmt"/>
      <line num="13" count="8" type="stmt"/>
      <line num="14" count="8" type="stmt"/>
      <line num="15" count="8" type="cond" truecount="2" falsecount="0"/>
      <line num="21" count="2" type="stmt"/>
    </file>
  </project>
</coverage>
