{"C:\\Users\\Nadzieja\\ATBP\\lab2\\atbp_1\\src\\fineCalculator.js": {"path":"C:\\Users\\Nadzieja\\ATBP\\lab2\\atbp_1\\src\\fineCalculator.js","statementMap":{"0":{"start":{"line":1,"column":24},"end":{"line":1,"column":52}},"1":{"start":{"line":4,"column":4},"end":{"line":27,"column":5}},"2":{"start":{"line":5,"column":23},"end":{"line":5,"column":61}},"3":{"start":{"line":7,"column":8},"end":{"line":9,"column":9}},"4":{"start":{"line":8,"column":12},"end":{"line":8,"column":64}},"5":{"start":{"line":11,"column":8},"end":{"line":13,"column":9}},"6":{"start":{"line":12,"column":12},"end":{"line":12,"column":21}},"7":{"start":{"line":15,"column":8},"end":{"line":17,"column":9}},"8":{"start":{"line":16,"column":12},"end":{"line":16,"column":75}},"9":{"start":{"line":19,"column":8},"end":{"line":21,"column":9}},"10":{"start":{"line":20,"column":12},"end":{"line":20,"column":77}},"11":{"start":{"line":23,"column":8},"end":{"line":23,"column":53}},"12":{"start":{"line":26,"column":8},"end":{"line":26,"column":65}},"13":{"start":{"line":30,"column":0},"end":{"line":30,"column":31}}},"fnMap":{"0":{"name":"calculateFine","decl":{"start":{"line":3,"column":15},"end":{"line":3,"column":28}},"loc":{"start":{"line":3,"column":73},"end":{"line":28,"column":1}},"line":3}},"branchMap":{"0":{"loc":{"start":{"line":3,"column":45},"end":{"line":3,"column":71}},"type":"default-arg","locations":[{"start":{"line":3,"column":50},"end":{"line":3,"column":71}}],"line":3},"1":{"loc":{"start":{"line":7,"column":8},"end":{"line":9,"column":9}},"type":"if","locations":[{"start":{"line":7,"column":8},"end":{"line":9,"column":9}},{"start":{},"end":{}}],"line":7},"2":{"loc":{"start":{"line":11,"column":8},"end":{"line":13,"column":9}},"type":"if","locations":[{"start":{"line":11,"column":8},"end":{"line":13,"column":9}},{"start":{},"end":{}}],"line":11},"3":{"loc":{"start":{"line":15,"column":8},"end":{"line":17,"column":9}},"type":"if","locations":[{"start":{"line":15,"column":8},"end":{"line":17,"column":9}},{"start":{},"end":{}}],"line":15},"4":{"loc":{"start":{"line":19,"column":8},"end":{"line":21,"column":9}},"type":"if","locations":[{"start":{"line":19,"column":8},"end":{"line":21,"column":9}},{"start":{},"end":{}}],"line":19}},"s":{"0":1,"1":11,"2":11,"3":10,"4":1,"5":9,"6":1,"7":8,"8":1,"9":7,"10":2,"11":5,"12":5,"13":1},"f":{"0":11},"b":{"0":[1],"1":[1,9],"2":[1,8],"3":[1,7],"4":[2,5]},"_coverageSchema":"1a1c01bbd47fc00a2c39e90264f33305004495a9","hash":"99adc2d86bbf770d4510a369a36e6850e00d6f52"}
,"C:\\Users\\Nadzieja\\ATBP\\lab2\\atbp_1\\src\\libraryDatabase.js": {"path":"C:\\Users\\Nadzieja\\ATBP\\lab2\\atbp_1\\src\\libraryDatabase.js","statementMap":{"0":{"start":{"line":3,"column":8},"end":{"line":8,"column":10}},"1":{"start":{"line":12,"column":8},"end":{"line":17,"column":11}},"2":{"start":{"line":13,"column":12},"end":{"line":16,"column":19}},"3":{"start":{"line":14,"column":29},"end":{"line":14,"column":47}},"4":{"start":{"line":15,"column":16},"end":{"line":15,"column":51}},"5":{"start":{"line":21,"column":0},"end":{"line":21,"column":33}}},"fnMap":{"0":{"name":"(anonymous_0)","decl":{"start":{"line":2,"column":4},"end":{"line":2,"column":5}},"loc":{"start":{"line":2,"column":18},"end":{"line":9,"column":5}},"line":2},"1":{"name":"(anonymous_1)","decl":{"start":{"line":11,"column":4},"end":{"line":11,"column":5}},"loc":{"start":{"line":11,"column":40},"end":{"line":18,"column":5}},"line":11},"2":{"name":"(anonymous_2)","decl":{"start":{"line":12,"column":27},"end":{"line":12,"column":28}},"loc":{"start":{"line":12,"column":40},"end":{"line":17,"column":9}},"line":12},"3":{"name":"(anonymous_3)","decl":{"start":{"line":13,"column":23},"end":{"line":13,"column":24}},"loc":{"start":{"line":13,"column":29},"end":{"line":16,"column":13}},"line":13}},"branchMap":{"0":{"loc":{"start":{"line":15,"column":24},"end":{"line":15,"column":49}},"type":"cond-expr","locations":[{"start":{"line":15,"column":31},"end":{"line":15,"column":42}},{"start":{"line":15,"column":45},"end":{"line":15,"column":49}}],"line":15}},"s":{"0":7,"1":8,"2":8,"3":8,"4":8,"5":2},"f":{"0":7,"1":8,"2":8,"3":8},"b":{"0":[7,1]},"_coverageSchema":"1a1c01bbd47fc00a2c39e90264f33305004495a9","hash":"1f33184a6a7026785d8cd08042175bb3aeec368a"}
}
