TN:
SF:src\fineCalculator.js
FN:3,calculateFine
FNF:1
FNH:1
FNDA:11,calculateFine
DA:1,1
DA:4,11
DA:5,11
DA:7,10
DA:8,1
DA:11,9
DA:12,1
DA:15,8
DA:16,1
DA:19,7
DA:20,2
DA:23,5
DA:26,5
DA:30,1
LF:14
LH:14
BRDA:3,0,0,1
BRDA:7,1,0,1
BRDA:7,1,1,9
BRDA:11,2,0,1
BRDA:11,2,1,8
BRDA:15,3,0,1
BRDA:15,3,1,7
BRDA:19,4,0,2
BRDA:19,4,1,5
BRF:9
BRH:9
end_of_record
TN:
SF:src\libraryDatabase.js
FN:2,(anonymous_0)
FN:11,(anonymous_1)
FN:12,(anonymous_2)
FN:13,(anonymous_3)
FNF:4
FNH:4
FNDA:7,(anonymous_0)
FNDA:8,(anonymous_1)
FNDA:8,(anonymous_2)
FNDA:8,(anonymous_3)
DA:3,7
DA:12,8
DA:13,8
DA:14,8
DA:15,8
DA:21,2
LF:6
LH:6
BRDA:15,0,0,7
BRDA:15,0,1,1
BRF:2
BRH:2
end_of_record
